# JRE version: OpenJDK Runtime Environment (8.0_181-b13) (build 1.8.0_181-8u181-b13-2~deb9u1-b13)
# Java VM: OpenJDK 64-Bit Server VM (25.181-b13 mixed mode linux-amd64 compressed oops)
Heap:
 PSYoungGen      total 36864K, used 29297K [0x00000000d7380000, 0x00000000dbb80000, 0x0000000100000000)
  eden space 31744K, 76% used [0x00000000d7380000,0x00000000d8b20018,0x00000000d9280000)
  from space 5120K, 99% used [0x00000000d9280000,0x00000000d977c4b0,0x00000000d9780000)
  to   space 5120K, 0% used [0x00000000db680000,0x00000000db680000,0x00000000dbb80000)
 ParOldGen       total 84992K, used 5933K [0x0000000085a00000, 0x000000008ad00000, 0x00000000d7380000)
  object space 84992K, 6% used [0x0000000085a00000,0x0000000085fcb680,0x000000008ad00000)
 Metaspace       used 20327K, capacity 21118K, committed 21248K, reserved 1067008K
  class space    used 2742K, capacity 2950K, committed 3072K, reserved 1048576K
GC Heap History (6 events):
Event: 2.519 GC heap before
{Heap before GC invocations=1 (full 0):
 PSYoungGen      total 36864K, used 31744K [0x00000000d7380000, 0x00000000d9c80000, 0x0000000100000000)
  eden space 31744K, 100% used [0x00000000d7380000,0x00000000d9280000,0x00000000d9280000)
  from space 5120K, 0% used [0x00000000d9780000,0x00000000d9780000,0x00000000d9c80000)
  to   space 5120K, 0% used [0x00000000d9280000,0x00000000d9280000,0x00000000d9780000)
 ParOldGen       total 84992K, used 0K [0x0000000085a00000, 0x000000008ad00000, 0x00000000d7380000)
  object space 84992K, 0% used [0x0000000085a00000,0x0000000085a00000,0x000000008ad00000)
 Metaspace       used 11567K, capacity 12002K, committed 12288K, reserved 1060864K
  class space    used 1353K, capacity 1517K, committed 1536K, reserved 1048576K
Event: 2.536 GC heap after
Heap after GC invocations=1 (full 0):
 PSYoungGen      total 36864K, used 5113K [0x00000000d7380000, 0x00000000d9c80000, 0x0000000100000000)
  eden space 31744K, 0% used [0x00000000d7380000,0x00000000d7380000,0x00000000d9280000)
  from space 5120K, 99% used [0x00000000d9280000,0x00000000d977e680,0x00000000d9780000)
  to   space 5120K, 0% used [0x00000000d9780000,0x00000000d9780000,0x00000000d9c80000)
 ParOldGen       total 84992K, used 1880K [0x0000000085a00000, 0x000000008ad00000, 0x00000000d7380000)
  object space 84992K, 2% used [0x0000000085a00000,0x0000000085bd61f8,0x000000008ad00000)
 Metaspace       used 11567K, capacity 12002K, committed 12288K, reserved 1060864K
  class space    used 1353K, capacity 1517K, committed 1536K, reserved 1048576K
}
Event: 2.839 GC heap before
{Heap before GC invocations=2 (full 0):
 PSYoungGen      total 36864K, used 35714K [0x00000000d7380000, 0x00000000d9c80000, 0x0000000100000000)
  eden space 31744K, 96% used [0x00000000d7380000,0x00000000d91622b8,0x00000000d9280000)
  from space 5120K, 99% used [0x00000000d9280000,0x00000000d977e680,0x00000000d9780000)
  to   space 5120K, 0% used [0x00000000d9780000,0x00000000d9780000,0x00000000d9c80000)
 ParOldGen       total 84992K, used 1880K [0x0000000085a00000, 0x000000008ad00000, 0x00000000d7380000)
  object space 84992K, 2% used [0x0000000085a00000,0x0000000085bd61f8,0x000000008ad00000)
 Metaspace       used 12626K, capacity 13038K, committed 13184K, reserved 1060864K
  class space    used 1510K, capacity 1648K, committed 1664K, reserved 1048576K
Event: 2.856 GC heap after
Heap after GC invocations=2 (full 0):
 PSYoungGen      total 36864K, used 4688K [0x00000000d7380000, 0x00000000dbb80000, 0x0000000100000000)
  eden space 31744K, 0% used [0x00000000d7380000,0x00000000d7380000,0x00000000d9280000)
  from space 5120K, 91% used [0x00000000d9780000,0x00000000d9c140f8,0x00000000d9c80000)
  to   space 5120K, 0% used [0x00000000d9280000,0x00000000d9280000,0x00000000d9780000)
 ParOldGen       total 84992K, used 1888K [0x0000000085a00000, 0x000000008ad00000, 0x00000000d7380000)
  object space 84992K, 2% used [0x0000000085a00000,0x0000000085bd81f8,0x000000008ad00000)
 Metaspace       used 12626K, capacity 13038K, committed 13184K, reserved 1060864K
  class space    used 1510K, capacity 1648K, committed 1664K, reserved 1048576K
}
Event: 3.682 GC heap before
{Heap before GC invocations=3 (full 0):
 PSYoungGen      total 36864K, used 36432K [0x00000000d7380000, 0x00000000dbb80000, 0x0000000100000000)
  eden space 31744K, 100% used [0x00000000d7380000,0x00000000d9280000,0x00000000d9280000)
  from space 5120K, 91% used [0x00000000d9780000,0x00000000d9c140f8,0x00000000d9c80000)
  to   space 5120K, 0% used [0x00000000d9280000,0x00000000d9280000,0x00000000d9780000)
 ParOldGen       total 84992K, used 1888K [0x0000000085a00000, 0x000000008ad00000, 0x00000000d7380000)
  object space 84992K, 2% used [0x0000000085a00000,0x0000000085bd81f8,0x000000008ad00000)
 Metaspace       used 15525K, capacity 16006K, committed 16256K, reserved 1062912K
  class space    used 1996K, capacity 2160K, committed 2176K, reserved 1048576K
Event: 3.702 GC heap after
Heap after GC invocations=3 (full 0):
 PSYoungGen      total 36864K, used 5105K [0x00000000d7380000, 0x00000000dbb80000, 0x0000000100000000)
  eden space 31744K, 0% used [0x00000000d7380000,0x00000000d7380000,0x00000000d9280000)
  from space 5120K, 99% used [0x00000000d9280000,0x00000000d977c4b0,0x00000000d9780000)
  to   space 5120K, 0% used [0x00000000db680000,0x00000000db680000,0x00000000dbb80000)
 ParOldGen       total 84992K, used 5933K [0x0000000085a00000, 0x000000008ad00000, 0x00000000d7380000)
  object space 84992K, 6% used [0x0000000085a00000,0x0000000085fcb680,0x000000008ad00000)
 Metaspace       used 15525K, capacity 16006K, committed 16256K, reserved 1062912K
  class space    used 1996K, capacity 2160K, committed 2176K, reserved 1048576K
}

