# JRE version: OpenJDK Runtime Environment (8.0_181-b13) (build 1.8.0_181-8u181-b13-2~deb9u1-b13)
# Java VM: OpenJDK 64-Bit Server VM (25.181-b13 mixed mode linux-amd64 compressed oops)
Heap:
 PSYoungGen      total 68608K, used 1385K [0x00000000d7380000, 0x00000000df980000, 0x0000000100000000)
  eden space 63488K, 2% used [0x00000000d7380000,0x00000000d74da730,0x00000000db180000)
  from space 5120K, 0% used [0x00000000db180000,0x00000000db180000,0x00000000db680000)
  to   space 5120K, 0% used [0x00000000df480000,0x00000000df480000,0x00000000df980000)
 ParOldGen       total 61952K, used 13297K [0x0000000085a00000, 0x0000000089680000, 0x00000000d7380000)
  object space 61952K, 21% used [0x0000000085a00000,0x00000000866fc700,0x0000000089680000)
 Metaspace       used 20467K, capacity 21310K, committed 21504K, reserved 1067008K
  class space    used 2748K, capacity 2950K, committed 3072K, reserved 1048576K
GC Heap History (8 events):
Event: 2.050 GC heap before
{Heap before GC invocations=1 (full 0):
 PSYoungGen      total 36864K, used 31744K [0x00000000d7380000, 0x00000000d9c80000, 0x0000000100000000)
  eden space 31744K, 100% used [0x00000000d7380000,0x00000000d9280000,0x00000000d9280000)
  from space 5120K, 0% used [0x00000000d9780000,0x00000000d9780000,0x00000000d9c80000)
  to   space 5120K, 0% used [0x00000000d9280000,0x00000000d9280000,0x00000000d9780000)
 ParOldGen       total 84992K, used 0K [0x0000000085a00000, 0x000000008ad00000, 0x00000000d7380000)
  object space 84992K, 0% used [0x0000000085a00000,0x0000000085a00000,0x000000008ad00000)
 Metaspace       used 11559K, capacity 11934K, committed 12032K, reserved 1060864K
  class space    used 1353K, capacity 1517K, committed 1536K, reserved 1048576K
Event: 2.077 GC heap after
Heap after GC invocations=1 (full 0):
 PSYoungGen      total 36864K, used 5099K [0x00000000d7380000, 0x00000000dbb80000, 0x0000000100000000)
  eden space 31744K, 0% used [0x00000000d7380000,0x00000000d7380000,0x00000000d9280000)
  from space 5120K, 99% used [0x00000000d9280000,0x00000000d977ac70,0x00000000d9780000)
  to   space 5120K, 0% used [0x00000000db680000,0x00000000db680000,0x00000000dbb80000)
 ParOldGen       total 84992K, used 1932K [0x0000000085a00000, 0x000000008ad00000, 0x00000000d7380000)
  object space 84992K, 2% used [0x0000000085a00000,0x0000000085be30e8,0x000000008ad00000)
 Metaspace       used 11559K, capacity 11934K, committed 12032K, reserved 1060864K
  class space    used 1353K, capacity 1517K, committed 1536K, reserved 1048576K
}
Event: 2.492 GC heap before
{Heap before GC invocations=2 (full 0):
 PSYoungGen      total 36864K, used 36843K [0x00000000d7380000, 0x00000000dbb80000, 0x0000000100000000)
  eden space 31744K, 100% used [0x00000000d7380000,0x00000000d9280000,0x00000000d9280000)
  from space 5120K, 99% used [0x00000000d9280000,0x00000000d977ac70,0x00000000d9780000)
  to   space 5120K, 0% used [0x00000000db680000,0x00000000db680000,0x00000000dbb80000)
 ParOldGen       total 84992K, used 1932K [0x0000000085a00000, 0x000000008ad00000, 0x00000000d7380000)
  object space 84992K, 2% used [0x0000000085a00000,0x0000000085be30e8,0x000000008ad00000)
 Metaspace       used 12669K, capacity 13034K, committed 13184K, reserved 1060864K
  class space    used 1518K, capacity 1648K, committed 1664K, reserved 1048576K
Event: 2.505 GC heap after
Heap after GC invocations=2 (full 0):
 PSYoungGen      total 68608K, used 5117K [0x00000000d7380000, 0x00000000dbb80000, 0x0000000100000000)
  eden space 63488K, 0% used [0x00000000d7380000,0x00000000d7380000,0x00000000db180000)
  from space 5120K, 99% used [0x00000000db680000,0x00000000dbb7f5c0,0x00000000dbb80000)
  to   space 5120K, 0% used [0x00000000db180000,0x00000000db180000,0x00000000db680000)
 ParOldGen       total 84992K, used 2767K [0x0000000085a00000, 0x000000008ad00000, 0x00000000d7380000)
  object space 84992K, 3% used [0x0000000085a00000,0x0000000085cb3e20,0x000000008ad00000)
 Metaspace       used 12669K, capacity 13034K, committed 13184K, reserved 1060864K
  class space    used 1518K, capacity 1648K, committed 1664K, reserved 1048576K
}
Event: 26.087 GC heap before
{Heap before GC invocations=3 (full 0):
 PSYoungGen      total 68608K, used 63695K [0x00000000d7380000, 0x00000000dbb80000, 0x0000000100000000)
  eden space 63488K, 92% used [0x00000000d7380000,0x00000000dacb4a00,0x00000000db180000)
  from space 5120K, 99% used [0x00000000db680000,0x00000000dbb7f5c0,0x00000000dbb80000)
  to   space 5120K, 0% used [0x00000000db180000,0x00000000db180000,0x00000000db680000)
 ParOldGen       total 84992K, used 2767K [0x0000000085a00000, 0x000000008ad00000, 0x00000000d7380000)
  object space 84992K, 3% used [0x0000000085a00000,0x0000000085cb3e20,0x000000008ad00000)
 Metaspace       used 20301K, capacity 21112K, committed 21248K, reserved 1067008K
  class space    used 2721K, capacity 2949K, committed 3072K, reserved 1048576K
Event: 26.122 GC heap after
Heap after GC invocations=3 (full 0):
 PSYoungGen      total 68608K, used 5116K [0x00000000d7380000, 0x00000000df980000, 0x0000000100000000)
  eden space 63488K, 0% used [0x00000000d7380000,0x00000000d7380000,0x00000000db180000)
  from space 5120K, 99% used [0x00000000db180000,0x00000000db67f070,0x00000000db680000)
  to   space 5120K, 0% used [0x00000000df480000,0x00000000df480000,0x00000000df980000)
 ParOldGen       total 84992K, used 11675K [0x0000000085a00000, 0x000000008ad00000, 0x00000000d7380000)
  object space 84992K, 13% used [0x0000000085a00000,0x0000000086566db0,0x000000008ad00000)
 Metaspace       used 20301K, capacity 21112K, committed 21248K, reserved 1067008K
  class space    used 2721K, capacity 2949K, committed 3072K, reserved 1048576K
}
Event: 26.122 GC heap before
{Heap before GC invocations=4 (full 1):
 PSYoungGen      total 68608K, used 5116K [0x00000000d7380000, 0x00000000df980000, 0x0000000100000000)
  eden space 63488K, 0% used [0x00000000d7380000,0x00000000d7380000,0x00000000db180000)
  from space 5120K, 99% used [0x00000000db180000,0x00000000db67f070,0x00000000db680000)
  to   space 5120K, 0% used [0x00000000df480000,0x00000000df480000,0x00000000df980000)
 ParOldGen       total 84992K, used 11675K [0x0000000085a00000, 0x000000008ad00000, 0x00000000d7380000)
  object space 84992K, 13% used [0x0000000085a00000,0x0000000086566db0,0x000000008ad00000)
 Metaspace       used 20301K, capacity 21112K, committed 21248K, reserved 1067008K
  class space    used 2721K, capacity 2949K, committed 3072K, reserved 1048576K
Event: 26.228 GC heap after
Heap after GC invocations=4 (full 1):
 PSYoungGen      total 68608K, used 0K [0x00000000d7380000, 0x00000000df980000, 0x0000000100000000)
  eden space 63488K, 0% used [0x00000000d7380000,0x00000000d7380000,0x00000000db180000)
  from space 5120K, 0% used [0x00000000db180000,0x00000000db180000,0x00000000db680000)
  to   space 5120K, 0% used [0x00000000df480000,0x00000000df480000,0x00000000df980000)
 ParOldGen       total 61952K, used 13297K [0x0000000085a00000, 0x0000000089680000, 0x00000000d7380000)
  object space 61952K, 21% used [0x0000000085a00000,0x00000000866fc700,0x0000000089680000)
 Metaspace       used 20301K, capacity 21112K, committed 21248K, reserved 1067008K
  class space    used 2721K, capacity 2949K, committed 3072K, reserved 1048576K
}

